<?xml version="1.0" encoding="UTF-8"?>
<!-- Generated by org.testng.reporters.JUnitXMLReporter -->
<testsuite ignored="0" hostname="idea-PC" failures="0" tests="4" name="Default test" time="36.651" errors="0" timestamp="10 Feb 2019 16:15:26 GMT">
  <testcase classname="com.mercury.qa.Testcases.LoginPageTest" name="loginTest" time="5.677"/>
  <testcase classname="com.mercury.qa.Testcases.LoginPageTest" name="loginTest" time="2.507"/>
  <testcase classname="com.mercury.qa.Testcases.LoginPageTest" name="loginpagetitleTest" time="0.014"/>
  <testcase classname="com.mercury.qa.Testcases.LoginPageTest" name="MercuryLogotitleTest" time="0.045"/>
</testsuite> <!-- Default test -->
