<?xml version="1.0" encoding="UTF-8"?>
<testng-results ignored="0" total="4" passed="4" failed="0" skipped="0">
  <reporter-output>
  </reporter-output>
  <suite started-at="2019-02-10T16:14:50Z" name="Default suite" finished-at="2019-02-10T16:15:26Z" duration-ms="36651">
    <groups>
    </groups>
    <test started-at="2019-02-10T16:14:50Z" name="Default test" finished-at="2019-02-10T16:15:26Z" duration-ms="36651">
      <class name="com.mercury.qa.Testcases.LoginPageTest">
        <test-method is-config="true" signature="setUp()[pri:0, instance:com.mercury.qa.Testcases.LoginPageTest@1ebd319f]" started-at="2019-02-10T21:44:51Z" name="setUp" finished-at="2019-02-10T21:44:58Z" duration-ms="7447" status="PASS">
          <reporter-output>
          </reporter-output>
        </test-method> <!-- setUp -->
        <test-method signature="loginTest(java.lang.String, java.lang.String)[pri:0, instance:com.mercury.qa.Testcases.LoginPageTest@1ebd319f]" started-at="2019-02-10T21:44:58Z" name="loginTest" data-provider="getCRMTestData" finished-at="2019-02-10T21:45:04Z" duration-ms="5677" status="PASS">
          <params>
            <param index="0">
              <value>
                <![CDATA[mercury]]>
              </value>
            </param>
            <param index="1">
              <value>
                <![CDATA[mercury]]>
              </value>
            </param>
          </params>
          <reporter-output>
          </reporter-output>
        </test-method> <!-- loginTest -->
        <test-method is-config="true" signature="tearDown()[pri:0, instance:com.mercury.qa.Testcases.LoginPageTest@1ebd319f]" started-at="2019-02-10T21:45:04Z" name="tearDown" finished-at="2019-02-10T21:45:04Z" duration-ms="696" status="PASS">
          <reporter-output>
          </reporter-output>
        </test-method> <!-- tearDown -->
        <test-method is-config="true" signature="setUp()[pri:0, instance:com.mercury.qa.Testcases.LoginPageTest@1ebd319f]" started-at="2019-02-10T21:45:04Z" name="setUp" finished-at="2019-02-10T21:45:10Z" duration-ms="5752" status="PASS">
          <reporter-output>
          </reporter-output>
        </test-method> <!-- setUp -->
        <test-method signature="loginTest(java.lang.String, java.lang.String)[pri:0, instance:com.mercury.qa.Testcases.LoginPageTest@1ebd319f]" started-at="2019-02-10T21:45:10Z" name="loginTest" data-provider="getCRMTestData" finished-at="2019-02-10T21:45:13Z" duration-ms="2507" status="PASS">
          <params>
            <param index="0">
              <value>
                <![CDATA[abc]]>
              </value>
            </param>
            <param index="1">
              <value>
                <![CDATA[efg]]>
              </value>
            </param>
          </params>
          <reporter-output>
          </reporter-output>
        </test-method> <!-- loginTest -->
        <test-method is-config="true" signature="tearDown()[pri:0, instance:com.mercury.qa.Testcases.LoginPageTest@1ebd319f]" started-at="2019-02-10T21:45:13Z" name="tearDown" finished-at="2019-02-10T21:45:13Z" duration-ms="691" status="PASS">
          <reporter-output>
          </reporter-output>
        </test-method> <!-- tearDown -->
        <test-method is-config="true" signature="setUp()[pri:0, instance:com.mercury.qa.Testcases.LoginPageTest@1ebd319f]" started-at="2019-02-10T21:45:13Z" name="setUp" finished-at="2019-02-10T21:45:19Z" duration-ms="5741" status="PASS">
          <reporter-output>
          </reporter-output>
        </test-method> <!-- setUp -->
        <test-method signature="loginpagetitleTest()[pri:1, instance:com.mercury.qa.Testcases.LoginPageTest@1ebd319f]" started-at="2019-02-10T21:45:19Z" name="loginpagetitleTest" finished-at="2019-02-10T21:45:19Z" duration-ms="14" status="PASS">
          <reporter-output>
          </reporter-output>
        </test-method> <!-- loginpagetitleTest -->
        <test-method is-config="true" signature="tearDown()[pri:0, instance:com.mercury.qa.Testcases.LoginPageTest@1ebd319f]" started-at="2019-02-10T21:45:19Z" name="tearDown" finished-at="2019-02-10T21:45:20Z" duration-ms="744" status="PASS">
          <reporter-output>
          </reporter-output>
        </test-method> <!-- tearDown -->
        <test-method is-config="true" signature="setUp()[pri:0, instance:com.mercury.qa.Testcases.LoginPageTest@1ebd319f]" started-at="2019-02-10T21:45:20Z" name="setUp" finished-at="2019-02-10T21:45:26Z" duration-ms="5712" status="PASS">
          <reporter-output>
          </reporter-output>
        </test-method> <!-- setUp -->
        <test-method signature="MercuryLogotitleTest()[pri:2, instance:com.mercury.qa.Testcases.LoginPageTest@1ebd319f]" started-at="2019-02-10T21:45:26Z" name="MercuryLogotitleTest" finished-at="2019-02-10T21:45:26Z" duration-ms="45" status="PASS">
          <reporter-output>
          </reporter-output>
        </test-method> <!-- MercuryLogotitleTest -->
        <test-method is-config="true" signature="tearDown()[pri:0, instance:com.mercury.qa.Testcases.LoginPageTest@1ebd319f]" started-at="2019-02-10T21:45:26Z" name="tearDown" finished-at="2019-02-10T21:45:26Z" duration-ms="703" status="PASS">
          <reporter-output>
          </reporter-output>
        </test-method> <!-- tearDown -->
      </class> <!-- com.mercury.qa.Testcases.LoginPageTest -->
    </test> <!-- Default test -->
  </suite> <!-- Default suite -->
</testng-results>
